0 info it worked if it ends with ok
1 verbose cli [ 'node', '/usr/local/bin/npm', 'install', '--save-dev', 'gulp' ]
2 info using npm@1.4.14
3 info using node@v0.10.29
4 warn package.json app@1.0.0 No repository field.
5 warn package.json app@1.0.0 No README data
6 verbose readDependencies using package.json deps
7 verbose cache add [ 'gulp@^3.5.6', null ]
8 verbose cache add name=undefined spec="gulp@^3.5.6" args=["gulp@^3.5.6",null]
9 verbose parsed url { protocol: null,
9 verbose parsed url   slashes: null,
9 verbose parsed url   auth: null,
9 verbose parsed url   host: null,
9 verbose parsed url   port: null,
9 verbose parsed url   hostname: null,
9 verbose parsed url   hash: null,
9 verbose parsed url   search: null,
9 verbose parsed url   query: null,
9 verbose parsed url   pathname: 'gulp@^3.5.6',
9 verbose parsed url   path: 'gulp@^3.5.6',
9 verbose parsed url   href: 'gulp@^3.5.6' }
10 verbose cache add name="gulp" spec="^3.5.6" args=["gulp","^3.5.6"]
11 verbose parsed url { protocol: null,
11 verbose parsed url   slashes: null,
11 verbose parsed url   auth: null,
11 verbose parsed url   host: null,
11 verbose parsed url   port: null,
11 verbose parsed url   hostname: null,
11 verbose parsed url   hash: null,
11 verbose parsed url   search: null,
11 verbose parsed url   query: null,
11 verbose parsed url   pathname: '^3.5.6',
11 verbose parsed url   path: '^3.5.6',
11 verbose parsed url   href: '^3.5.6' }
12 verbose addNamed [ 'gulp', '^3.5.6' ]
13 verbose addNamed [ null, '>=3.5.6-0 <4.0.0-0' ]
14 silly lockFile 28ac0b1b-gulp-3-5-6 gulp@^3.5.6
15 verbose lock gulp@^3.5.6 /Users/dmilne/.npm/28ac0b1b-gulp-3-5-6.lock
16 silly addNameRange { name: 'gulp', range: '>=3.5.6-0 <4.0.0-0', hasData: false }
17 verbose url raw gulp
18 verbose url resolving [ 'https://registry.npmjs.org/', './gulp' ]
19 verbose url resolved https://registry.npmjs.org/gulp
20 info trying registry request attempt 1 at 09:11:47
21 verbose etag "D33ZBRIDYLB3Z33FSVFT2TBN7"
22 http GET https://registry.npmjs.org/gulp
23 http 304 https://registry.npmjs.org/gulp
24 silly registry.get cb [ 304,
24 silly registry.get   { date: 'Mon, 17 Nov 2014 22:11:46 GMT',
24 silly registry.get     server: 'Apache',
24 silly registry.get     via: '1.1 varnish',
24 silly registry.get     'last-modified': 'Mon, 17 Nov 2014 22:11:47 GMT',
24 silly registry.get     'cache-control': 'max-age=60',
24 silly registry.get     etag: '"D33ZBRIDYLB3Z33FSVFT2TBN7"',
24 silly registry.get     age: '0',
24 silly registry.get     'x-served-by': 'cache-syd1620-SYD',
24 silly registry.get     'x-cache': 'HIT',
24 silly registry.get     'x-cache-hits': '1',
24 silly registry.get     'x-timer': 'S1416262306.448950,VS0,VE762',
24 silly registry.get     vary: 'Accept',
24 silly registry.get     'content-length': '0',
24 silly registry.get     'keep-alive': 'timeout=10, max=50',
24 silly registry.get     connection: 'Keep-Alive' } ]
25 verbose etag gulp from cache
26 silly addNameRange number 2 { name: 'gulp', range: '>=3.5.6-0 <4.0.0-0', hasData: true }
27 silly addNameRange versions [ 'gulp',
27 silly addNameRange   [ '0.0.1',
27 silly addNameRange     '0.0.2',
27 silly addNameRange     '0.0.3',
27 silly addNameRange     '0.0.4',
27 silly addNameRange     '0.0.5',
27 silly addNameRange     '0.0.7',
27 silly addNameRange     '0.0.8',
27 silly addNameRange     '0.0.9',
27 silly addNameRange     '0.1.0',
27 silly addNameRange     '0.2.0',
27 silly addNameRange     '1.0.0',
27 silly addNameRange     '1.1.0',
27 silly addNameRange     '1.2.0',
27 silly addNameRange     '1.2.1',
27 silly addNameRange     '2.0.0',
27 silly addNameRange     '2.0.1',
27 silly addNameRange     '2.1.0',
27 silly addNameRange     '2.2.0',
27 silly addNameRange     '2.3.0',
27 silly addNameRange     '2.4.0',
27 silly addNameRange     '2.4.1',
27 silly addNameRange     '2.6.0',
27 silly addNameRange     '2.6.1',
27 silly addNameRange     '2.7.0',
27 silly addNameRange     '3.0.0',
27 silly addNameRange     '3.1.1',
27 silly addNameRange     '3.1.2',
27 silly addNameRange     '3.1.3',
27 silly addNameRange     '3.1.4',
27 silly addNameRange     '3.2.0',
27 silly addNameRange     '3.2.1',
27 silly addNameRange     '3.2.2',
27 silly addNameRange     '3.2.3',
27 silly addNameRange     '3.2.4',
27 silly addNameRange     '3.2.5',
27 silly addNameRange     '3.3.0',
27 silly addNameRange     '3.3.1',
27 silly addNameRange     '3.3.2',
27 silly addNameRange     '3.3.4',
27 silly addNameRange     '3.4.0',
27 silly addNameRange     '3.5.0',
27 silly addNameRange     '3.5.1',
27 silly addNameRange     '3.5.2',
27 silly addNameRange     '3.5.5',
27 silly addNameRange     '3.5.6',
27 silly addNameRange     '3.6.0',
27 silly addNameRange     '3.6.1',
27 silly addNameRange     '3.6.2',
27 silly addNameRange     '3.7.0',
27 silly addNameRange     '3.8.0',
27 silly addNameRange     '3.8.1',
27 silly addNameRange     '3.8.2',
27 silly addNameRange     '3.8.3',
27 silly addNameRange     '3.8.4',
27 silly addNameRange     '3.8.5',
27 silly addNameRange     '3.8.6',
27 silly addNameRange     '3.8.7',
27 silly addNameRange     '3.8.8',
27 silly addNameRange     '3.8.9',
27 silly addNameRange     '3.8.10' ] ]
28 verbose addNamed [ 'gulp', '3.8.10' ]
29 verbose addNamed [ '3.8.10', '3.8.10' ]
30 silly lockFile f843d0d7-gulp-3-8-10 gulp@3.8.10
31 verbose lock gulp@3.8.10 /Users/dmilne/.npm/f843d0d7-gulp-3-8-10.lock
32 silly lockFile f843d0d7-gulp-3-8-10 gulp@3.8.10
33 silly lockFile f843d0d7-gulp-3-8-10 gulp@3.8.10
34 silly lockFile 28ac0b1b-gulp-3-5-6 gulp@^3.5.6
35 silly lockFile 28ac0b1b-gulp-3-5-6 gulp@^3.5.6
36 error Error: EACCES, open '/Users/dmilne/.npm/gulp/3.8.10/package/package.json'
36 error  { [Error: EACCES, open '/Users/dmilne/.npm/gulp/3.8.10/package/package.json']
36 error   errno: 3,
36 error   code: 'EACCES',
36 error   path: '/Users/dmilne/.npm/gulp/3.8.10/package/package.json',
36 error   parent: 'app' }
37 error Please try running this command again as root/Administrator.
38 error System Darwin 14.0.0
39 error command "node" "/usr/local/bin/npm" "install" "--save-dev" "gulp"
40 error cwd /Users/dmilne/code/hackathon/experience-sampling/app
41 error node -v v0.10.29
42 error npm -v 1.4.14
43 error path /Users/dmilne/.npm/gulp/3.8.10/package/package.json
44 error code EACCES
45 error errno 3
46 error stack Error: EACCES, open '/Users/dmilne/.npm/gulp/3.8.10/package/package.json'
47 verbose exit [ 3, true ]
